app/build/intermediates/manifest_merge_blame_file/debug/manifest-merger-blame-debug-report.txt
1<?xml version="1.0" encoding="utf-8"?>
2<manifest xmlns:android="http://schemas.android.com/apk/res/android"
3    package="com.rana.muncakapp"
4    android:targetSandboxVersion="1"
5    android:versionCode="1"
6    android:versionName="1.0" >
7
8    <uses-sdk
9        android:minSdkVersion="21"
9-->src\main\AndroidManifest.xml
10        android:targetSdkVersion="31" />
10-->src\main\AndroidManifest.xml
11    <!--
12         The ACCESS_COARSE/FINE_LOCATION permissions are not required to use
13         Google Maps Android API v2, but you must specify either coarse or fine
14         location permissions for the "MyLocation" functionality.
15    -->
16    <uses-permission android:name="android.permission.ACCESS_FINE_LOCATION" />
16-->src\main\AndroidManifest.xml:10:5-79
16-->src\main\AndroidManifest.xml:10:22-76
17    <uses-permission android:name="android.permission.INTERNET" />
17-->src\main\AndroidManifest.xml:11:5-67
17-->src\main\AndroidManifest.xml:11:22-64
18    <uses-permission android:name="android.permission.ACCESS_NETWORK_STATE" />
18-->src\main\AndroidManifest.xml:12:5-79
18-->src\main\AndroidManifest.xml:12:22-76
19    <uses-permission android:name="android.permission.ACCESS_COARSE_LOCATION" />
19-->src\main\AndroidManifest.xml:13:5-81
19-->src\main\AndroidManifest.xml:13:22-78
20    <uses-permission android:name="android.permission.WRITE_EXTERNAL_STORAGE" />
20-->src\main\AndroidManifest.xml:14:5-81
20-->src\main\AndroidManifest.xml:14:22-78
21    <uses-permission android:name="android.permission.READ_EXTERNAL_STORAGE" />
21-->src\main\AndroidManifest.xml:15:5-80
21-->src\main\AndroidManifest.xml:15:22-77
22    <uses-permission android:name="android.permission.MANAGE_EXTERNAL_STORAGE" />
22-->src\main\AndroidManifest.xml:16:5-82
22-->src\main\AndroidManifest.xml:16:22-79
23
24    <uses-feature
24-->[com.google.android.gms:play-services-maps:17.0.1] AndroidManifest.xml:26:5-28:35
25        android:glEsVersion="0x00020000"
25-->[com.google.android.gms:play-services-maps:17.0.1] AndroidManifest.xml:27:9-41
26        android:required="true" />
26-->[com.google.android.gms:play-services-maps:17.0.1] AndroidManifest.xml:28:9-32
27
28    <queries>
28-->[com.google.android.gms:play-services-maps:17.0.1] AndroidManifest.xml:30:5-34:15
29
30        <!-- Needs to be explicitly declared on Android R+ -->
31        <package android:name="com.google.android.apps.maps" />
31-->[com.google.android.gms:play-services-maps:17.0.1] AndroidManifest.xml:33:9-64
31-->[com.google.android.gms:play-services-maps:17.0.1] AndroidManifest.xml:33:18-61
32    </queries>
33
34    <application
34-->src\main\AndroidManifest.xml:18:5-178:19
35        android:allowBackup="true"
35-->src\main\AndroidManifest.xml:19:9-35
36        android:appComponentFactory="androidx.core.app.CoreComponentFactory"
36-->[androidx.core:core:1.7.0] AndroidManifest.xml:24:18-86
37        android:debuggable="true"
38        android:icon="@drawable/ic_logo"
38-->src\main\AndroidManifest.xml:20:9-41
39        android:label="@string/app_name"
39-->src\main\AndroidManifest.xml:21:9-41
40        android:roundIcon="@drawable/ic_logo"
40-->src\main\AndroidManifest.xml:22:9-46
41        android:supportsRtl="true"
41-->src\main\AndroidManifest.xml:23:9-35
42        android:theme="@style/Theme.MuncakApp"
42-->src\main\AndroidManifest.xml:24:9-47
43        android:usesCleartextTraffic="true" >
43-->src\main\AndroidManifest.xml:25:9-44
44        <activity
44-->src\main\AndroidManifest.xml:26:9-29:75
45            android:name="com.rana.muncakapp.AboutApp"
45-->src\main\AndroidManifest.xml:27:13-37
46            android:exported="true"
46-->src\main\AndroidManifest.xml:28:13-36
47            android:theme="@style/Theme.AppCompat.DayNight.NoActionBar" />
47-->src\main\AndroidManifest.xml:29:13-72
48        <activity
48-->src\main\AndroidManifest.xml:30:9-33:75
49            android:name="com.rana.muncakapp.KelolaRiwayatPendakianUser"
49-->src\main\AndroidManifest.xml:31:13-55
50            android:exported="true"
50-->src\main\AndroidManifest.xml:32:13-36
51            android:theme="@style/Theme.AppCompat.DayNight.NoActionBar" />
51-->src\main\AndroidManifest.xml:33:13-72
52        <activity
52-->src\main\AndroidManifest.xml:34:9-37:75
53            android:name="com.rana.muncakapp.LihatRiwayatPendakianUser"
53-->src\main\AndroidManifest.xml:35:13-54
54            android:exported="true"
54-->src\main\AndroidManifest.xml:36:13-36
55            android:theme="@style/Theme.AppCompat.DayNight.NoActionBar" />
55-->src\main\AndroidManifest.xml:37:13-72
56        <activity
56-->src\main\AndroidManifest.xml:38:9-41:75
57            android:name="com.rana.muncakapp.LihatRiwayatPendakian"
57-->src\main\AndroidManifest.xml:39:13-50
58            android:exported="true"
58-->src\main\AndroidManifest.xml:40:13-36
59            android:theme="@style/Theme.AppCompat.DayNight.NoActionBar" />
59-->src\main\AndroidManifest.xml:41:13-72
60        <activity
60-->src\main\AndroidManifest.xml:42:9-45:75
61            android:name="com.rana.muncakapp.KelolaRiwayatPendakian"
61-->src\main\AndroidManifest.xml:43:13-51
62            android:exported="true"
62-->src\main\AndroidManifest.xml:44:13-36
63            android:theme="@style/Theme.AppCompat.DayNight.NoActionBar" />
63-->src\main\AndroidManifest.xml:45:13-72
64        <activity
64-->src\main\AndroidManifest.xml:46:9-49:75
65            android:name="com.rana.muncakapp.HalamanUser"
65-->src\main\AndroidManifest.xml:47:13-40
66            android:exported="true"
66-->src\main\AndroidManifest.xml:48:13-36
67            android:theme="@style/Theme.AppCompat.DayNight.NoActionBar" />
67-->src\main\AndroidManifest.xml:49:13-72
68        <activity
68-->src\main\AndroidManifest.xml:50:9-53:75
69            android:name="com.rana.muncakapp.KelolaRencanaPendakian"
69-->src\main\AndroidManifest.xml:51:13-51
70            android:exported="true"
70-->src\main\AndroidManifest.xml:52:13-36
71            android:theme="@style/Theme.AppCompat.DayNight.NoActionBar" />
71-->src\main\AndroidManifest.xml:53:13-72
72        <activity
72-->src\main\AndroidManifest.xml:54:9-57:75
73            android:name="com.rana.muncakapp.KelolaRiwayatPendaki"
73-->src\main\AndroidManifest.xml:55:13-49
74            android:exported="true"
74-->src\main\AndroidManifest.xml:56:13-36
75            android:theme="@style/Theme.AppCompat.DayNight.NoActionBar" />
75-->src\main\AndroidManifest.xml:57:13-72
76        <activity
76-->src\main\AndroidManifest.xml:58:9-61:75
77            android:name="com.rana.muncakapp.LihatRiwayatPendaki"
77-->src\main\AndroidManifest.xml:59:13-48
78            android:exported="true"
78-->src\main\AndroidManifest.xml:60:13-36
79            android:theme="@style/Theme.AppCompat.DayNight.NoActionBar" />
79-->src\main\AndroidManifest.xml:61:13-72
80        <activity
80-->src\main\AndroidManifest.xml:62:9-65:75
81            android:name="com.rana.muncakapp.ProfilUser"
81-->src\main\AndroidManifest.xml:63:13-39
82            android:exported="true"
82-->src\main\AndroidManifest.xml:64:13-36
83            android:theme="@style/Theme.AppCompat.DayNight.NoActionBar" />
83-->src\main\AndroidManifest.xml:65:13-72
84        <activity
84-->src\main\AndroidManifest.xml:66:9-69:75
85            android:name="com.rana.muncakapp.RencanaPendakian"
85-->src\main\AndroidManifest.xml:67:13-45
86            android:exported="true"
86-->src\main\AndroidManifest.xml:68:13-36
87            android:theme="@style/Theme.AppCompat.DayNight.NoActionBar" />
87-->src\main\AndroidManifest.xml:69:13-72
88        <activity
88-->src\main\AndroidManifest.xml:70:9-73:75
89            android:name="com.rana.muncakapp.InputBerhasil"
89-->src\main\AndroidManifest.xml:71:13-42
90            android:exported="true"
90-->src\main\AndroidManifest.xml:72:13-36
91            android:theme="@style/Theme.AppCompat.DayNight.NoActionBar" />
91-->src\main\AndroidManifest.xml:73:13-72
92        <activity
92-->src\main\AndroidManifest.xml:74:9-77:75
93            android:name="com.rana.muncakapp.Logistik"
93-->src\main\AndroidManifest.xml:75:13-37
94            android:exported="true"
94-->src\main\AndroidManifest.xml:76:13-36
95            android:theme="@style/Theme.AppCompat.DayNight.NoActionBar" />
95-->src\main\AndroidManifest.xml:77:13-72
96        <activity
96-->src\main\AndroidManifest.xml:78:9-81:75
97            android:name="com.rana.muncakapp.TipsMendaki"
97-->src\main\AndroidManifest.xml:79:13-40
98            android:exported="true"
98-->src\main\AndroidManifest.xml:80:13-36
99            android:theme="@style/Theme.AppCompat.DayNight.NoActionBar" />
99-->src\main\AndroidManifest.xml:81:13-72
100        <activity
100-->src\main\AndroidManifest.xml:82:9-85:75
101            android:name="com.rana.muncakapp.Survival"
101-->src\main\AndroidManifest.xml:83:13-37
102            android:exported="true"
102-->src\main\AndroidManifest.xml:84:13-36
103            android:theme="@style/Theme.AppCompat.DayNight.NoActionBar" />
103-->src\main\AndroidManifest.xml:85:13-72
104        <activity
104-->src\main\AndroidManifest.xml:86:9-89:75
105            android:name="com.rana.muncakapp.PeralatanMendaki"
105-->src\main\AndroidManifest.xml:87:13-45
106            android:exported="true"
106-->src\main\AndroidManifest.xml:88:13-36
107            android:theme="@style/Theme.AppCompat.DayNight.NoActionBar" />
107-->src\main\AndroidManifest.xml:89:13-72
108        <activity
108-->src\main\AndroidManifest.xml:90:9-93:75
109            android:name="com.rana.muncakapp.PanduanMendaki"
109-->src\main\AndroidManifest.xml:91:13-43
110            android:exported="true"
110-->src\main\AndroidManifest.xml:92:13-36
111            android:theme="@style/Theme.AppCompat.DayNight.NoActionBar" />
111-->src\main\AndroidManifest.xml:93:13-72
112        <activity
112-->src\main\AndroidManifest.xml:94:9-97:75
113            android:name="com.rana.muncakapp.InputDataPetugas"
113-->src\main\AndroidManifest.xml:95:13-45
114            android:exported="true"
114-->src\main\AndroidManifest.xml:96:13-36
115            android:theme="@style/Theme.AppCompat.DayNight.NoActionBar" />
115-->src\main\AndroidManifest.xml:97:13-72
116        <activity
116-->src\main\AndroidManifest.xml:98:9-101:75
117            android:name="com.rana.muncakapp.HalamanBerhasil"
117-->src\main\AndroidManifest.xml:99:13-44
118            android:exported="true"
118-->src\main\AndroidManifest.xml:100:13-36
119            android:theme="@style/Theme.AppCompat.DayNight.NoActionBar" />
119-->src\main\AndroidManifest.xml:101:13-72
120        <activity
120-->src\main\AndroidManifest.xml:102:9-105:75
121            android:name="com.rana.muncakapp.LaporanPendakian"
121-->src\main\AndroidManifest.xml:103:13-45
122            android:exported="true"
122-->src\main\AndroidManifest.xml:104:13-36
123            android:theme="@style/Theme.AppCompat.DayNight.NoActionBar" />
123-->src\main\AndroidManifest.xml:105:13-72
124        <activity
124-->src\main\AndroidManifest.xml:106:9-109:75
125            android:name="com.rana.muncakapp.LupaPassword"
125-->src\main\AndroidManifest.xml:107:13-41
126            android:exported="true"
126-->src\main\AndroidManifest.xml:108:13-36
127            android:theme="@style/Theme.AppCompat.DayNight.NoActionBar" />
127-->src\main\AndroidManifest.xml:109:13-72
128        <activity
128-->src\main\AndroidManifest.xml:110:9-113:75
129            android:name="com.rana.muncakapp.DashboardAdmin"
129-->src\main\AndroidManifest.xml:111:13-43
130            android:exported="true"
130-->src\main\AndroidManifest.xml:112:13-36
131            android:theme="@style/Theme.AppCompat.DayNight.NoActionBar" />
131-->src\main\AndroidManifest.xml:113:13-72
132        <activity
132-->src\main\AndroidManifest.xml:114:9-117:75
133            android:name="com.rana.muncakapp.Register"
133-->src\main\AndroidManifest.xml:115:13-37
134            android:exported="true"
134-->src\main\AndroidManifest.xml:116:13-36
135            android:theme="@style/Theme.AppCompat.DayNight.NoActionBar" />
135-->src\main\AndroidManifest.xml:117:13-72
136        <!--
137             The API key for Google Maps-based APIs is defined as a string resource.
138             (See the file "res/values/google_maps_api.xml").
139             Note that the API key is linked to the encryption key used to sign the APK.
140             You need a different API key for each encryption key, including the release key that is used to
141             sign the APK for publishing.
142             You can define the keys for the debug and release targets in src/debug/ and src/release/.
143        -->
144        <meta-data
144-->src\main\AndroidManifest.xml:126:9-128:55
145            android:name="com.google.android.geo.API_KEY"
145-->src\main\AndroidManifest.xml:127:13-58
146            android:value="@string/google_maps_key" />
146-->src\main\AndroidManifest.xml:128:13-52
147
148        <activity
148-->src\main\AndroidManifest.xml:130:9-133:75
149            android:name="com.rana.muncakapp.LihatDataPendaki"
149-->src\main\AndroidManifest.xml:131:13-45
150            android:exported="true"
150-->src\main\AndroidManifest.xml:132:13-36
151            android:theme="@style/Theme.AppCompat.DayNight.NoActionBar" />
151-->src\main\AndroidManifest.xml:133:13-72
152        <activity
152-->src\main\AndroidManifest.xml:134:9-137:75
153            android:name="com.rana.muncakapp.LihatDataPendakian"
153-->src\main\AndroidManifest.xml:135:13-47
154            android:exported="true"
154-->src\main\AndroidManifest.xml:136:13-36
155            android:theme="@style/Theme.AppCompat.DayNight.NoActionBar" />
155-->src\main\AndroidManifest.xml:137:13-72
156        <activity
156-->src\main\AndroidManifest.xml:138:9-141:75
157            android:name="com.rana.muncakapp.KelolaDataPendaki"
157-->src\main\AndroidManifest.xml:139:13-46
158            android:exported="true"
158-->src\main\AndroidManifest.xml:140:13-36
159            android:theme="@style/Theme.AppCompat.DayNight.NoActionBar" />
159-->src\main\AndroidManifest.xml:141:13-72
160        <activity
160-->src\main\AndroidManifest.xml:142:9-145:75
161            android:name="com.rana.muncakapp.KelolaDataPendakian"
161-->src\main\AndroidManifest.xml:143:13-48
162            android:exported="true"
162-->src\main\AndroidManifest.xml:144:13-36
163            android:theme="@style/Theme.AppCompat.DayNight.NoActionBar" />
163-->src\main\AndroidManifest.xml:145:13-72
164        <activity
164-->src\main\AndroidManifest.xml:146:9-149:75
165            android:name="com.rana.muncakapp.Login"
165-->src\main\AndroidManifest.xml:147:13-34
166            android:exported="true"
166-->src\main\AndroidManifest.xml:148:13-36
167            android:theme="@style/Theme.AppCompat.DayNight.NoActionBar" />
167-->src\main\AndroidManifest.xml:149:13-72
168        <activity
168-->src\main\AndroidManifest.xml:150:9-153:75
169            android:name="com.rana.muncakapp.DetailGunung"
169-->src\main\AndroidManifest.xml:151:13-41
170            android:exported="true"
170-->src\main\AndroidManifest.xml:152:13-36
171            android:theme="@style/Theme.AppCompat.DayNight.NoActionBar" />
171-->src\main\AndroidManifest.xml:153:13-72
172        <activity
172-->src\main\AndroidManifest.xml:154:9-157:75
173            android:name="com.rana.muncakapp.MainActivity"
173-->src\main\AndroidManifest.xml:155:13-41
174            android:exported="true"
174-->src\main\AndroidManifest.xml:156:13-36
175            android:theme="@style/Theme.AppCompat.DayNight.NoActionBar" />
175-->src\main\AndroidManifest.xml:157:13-72
176        <activity
176-->src\main\AndroidManifest.xml:158:9-167:20
177            android:name="com.rana.muncakapp.TampilanAwal"
177-->src\main\AndroidManifest.xml:159:13-41
178            android:exported="true"
178-->src\main\AndroidManifest.xml:160:13-36
179            android:theme="@style/Theme.AppCompat.DayNight.NoActionBar" >
179-->src\main\AndroidManifest.xml:161:13-72
180            <intent-filter>
180-->src\main\AndroidManifest.xml:162:13-166:29
181                <action android:name="android.intent.action.MAIN" />
181-->src\main\AndroidManifest.xml:163:17-69
181-->src\main\AndroidManifest.xml:163:25-66
182
183                <category android:name="android.intent.category.LAUNCHER" />
183-->src\main\AndroidManifest.xml:165:17-77
183-->src\main\AndroidManifest.xml:165:27-74
184            </intent-filter>
185        </activity>
186
187        <provider
187-->src\main\AndroidManifest.xml:169:9-177:20
188            android:name="androidx.core.content.FileProvider"
188-->src\main\AndroidManifest.xml:170:13-62
189            android:authorities="com.rana.muncakapp.fileprovider"
189-->src\main\AndroidManifest.xml:171:13-66
190            android:exported="false"
190-->src\main\AndroidManifest.xml:172:13-37
191            android:grantUriPermissions="true" >
191-->src\main\AndroidManifest.xml:173:13-47
192            <meta-data
192-->src\main\AndroidManifest.xml:174:13-176:58
193                android:name="android.support.FILE_PROVIDER_PATHS"
193-->src\main\AndroidManifest.xml:175:17-67
194                android:resource="@xml/provider_paths" />
194-->src\main\AndroidManifest.xml:176:17-55
195        </provider>
196
197        <activity
197-->[com.karumi:dexter:5.0.0] AndroidManifest.xml:27:9-29:72
198            android:name="com.karumi.dexter.DexterActivity"
198-->[com.karumi:dexter:5.0.0] AndroidManifest.xml:28:13-60
199            android:theme="@style/Dexter.Internal.Theme.Transparent" /> <!-- Needs to be explicitly declared on P+ -->
199-->[com.karumi:dexter:5.0.0] AndroidManifest.xml:29:13-69
200        <uses-library
200-->[com.google.android.gms:play-services-maps:17.0.1] AndroidManifest.xml:39:9-41:40
201            android:name="org.apache.http.legacy"
201-->[com.google.android.gms:play-services-maps:17.0.1] AndroidManifest.xml:40:13-50
202            android:required="false" />
202-->[com.google.android.gms:play-services-maps:17.0.1] AndroidManifest.xml:41:13-37
203
204        <activity
204-->[com.google.android.gms:play-services-base:17.5.0] AndroidManifest.xml:23:9-26:75
205            android:name="com.google.android.gms.common.api.GoogleApiActivity"
205-->[com.google.android.gms:play-services-base:17.5.0] AndroidManifest.xml:24:13-79
206            android:exported="false"
206-->[com.google.android.gms:play-services-base:17.5.0] AndroidManifest.xml:25:13-37
207            android:theme="@android:style/Theme.Translucent.NoTitleBar" />
207-->[com.google.android.gms:play-services-base:17.5.0] AndroidManifest.xml:26:13-72
208
209        <meta-data
209-->[com.google.android.gms:play-services-basement:17.5.0] AndroidManifest.xml:23:9-25:69
210            android:name="com.google.android.gms.version"
210-->[com.google.android.gms:play-services-basement:17.5.0] AndroidManifest.xml:24:13-58
211            android:value="@integer/google_play_services_version" />
211-->[com.google.android.gms:play-services-basement:17.5.0] AndroidManifest.xml:25:13-66
212
213        <provider
213-->[androidx.emoji2:emoji2:1.0.0] AndroidManifest.xml:26:9-34:20
214            android:name="androidx.startup.InitializationProvider"
214-->[androidx.emoji2:emoji2:1.0.0] AndroidManifest.xml:27:13-67
215            android:authorities="com.rana.muncakapp.androidx-startup"
215-->[androidx.emoji2:emoji2:1.0.0] AndroidManifest.xml:28:13-68
216            android:exported="false" >
216-->[androidx.emoji2:emoji2:1.0.0] AndroidManifest.xml:29:13-37
217            <meta-data
217-->[androidx.emoji2:emoji2:1.0.0] AndroidManifest.xml:31:13-33:52
218                android:name="androidx.emoji2.text.EmojiCompatInitializer"
218-->[androidx.emoji2:emoji2:1.0.0] AndroidManifest.xml:32:17-75
219                android:value="androidx.startup" />
219-->[androidx.emoji2:emoji2:1.0.0] AndroidManifest.xml:33:17-49
220            <meta-data
220-->[androidx.lifecycle:lifecycle-process:2.4.0] AndroidManifest.xml:31:13-33:52
221                android:name="androidx.lifecycle.ProcessLifecycleInitializer"
221-->[androidx.lifecycle:lifecycle-process:2.4.0] AndroidManifest.xml:32:17-78
222                android:value="androidx.startup" />
222-->[androidx.lifecycle:lifecycle-process:2.4.0] AndroidManifest.xml:33:17-49
223        </provider>
224    </application>
225
226</manifest>